Performing C SOURCE FILE Test CMAKE_HAVE_LIBC_PTHREAD failed with the following output:
Change Dir: /home/xanxus/workspaces/C_test/opencv/channelMat_read_imd/bulid/CMakeFiles/CMakeTmp

Run Build Command(s):/usr/bin/make cmTC_ae9ee/fast && /usr/bin/make -f CMakeFiles/cmTC_ae9ee.dir/build.make CMakeFiles/cmTC_ae9ee.dir/build
make[1]: Entering directory '/home/xanxus/workspaces/C_test/opencv/channelMat_read_imd/bulid/CMakeFiles/CMakeTmp'
Building C object CMakeFiles/cmTC_ae9ee.dir/src.c.o
/usr/bin/cc   -fPIC -DCMAKE_HAVE_LIBC_PTHREAD   -o CMakeFiles/cmTC_ae9ee.dir/src.c.o   -c /home/xanxus/workspaces/C_test/opencv/channelMat_read_imd/bulid/CMakeFiles/CMakeTmp/src.c
Linking C executable cmTC_ae9ee
/usr/bin/cmake -E cmake_link_script CMakeFiles/cmTC_ae9ee.dir/link.txt --verbose=1
/usr/bin/cc -fPIC -DCMAKE_HAVE_LIBC_PTHREAD    -rdynamic CMakeFiles/cmTC_ae9ee.dir/src.c.o  -o cmTC_ae9ee 
/usr/bin/ld: CMakeFiles/cmTC_ae9ee.dir/src.c.o: in function `main':
src.c:(.text+0x46): undefined reference to `pthread_create'
/usr/bin/ld: src.c:(.text+0x52): undefined reference to `pthread_detach'
/usr/bin/ld: src.c:(.text+0x63): undefined reference to `pthread_join'
collect2: error: ld returned 1 exit status
make[1]: *** [CMakeFiles/cmTC_ae9ee.dir/build.make:87: cmTC_ae9ee] Error 1
make[1]: Leaving directory '/home/xanxus/workspaces/C_test/opencv/channelMat_read_imd/bulid/CMakeFiles/CMakeTmp'
make: *** [Makefile:121: cmTC_ae9ee/fast] Error 2


Source file was:
#include <pthread.h>

void* test_func(void* data)
{
  return data;
}

int main(void)
{
  pthread_t thread;
  pthread_create(&thread, NULL, test_func, NULL);
  pthread_detach(thread);
  pthread_join(thread, NULL);
  pthread_atfork(NULL, NULL, NULL);
  pthread_exit(NULL);

  return 0;
}

Determining if the function pthread_create exists in the pthreads failed with the following output:
Change Dir: /home/xanxus/workspaces/C_test/opencv/channelMat_read_imd/bulid/CMakeFiles/CMakeTmp

Run Build Command(s):/usr/bin/make cmTC_76a5d/fast && /usr/bin/make -f CMakeFiles/cmTC_76a5d.dir/build.make CMakeFiles/cmTC_76a5d.dir/build
make[1]: Entering directory '/home/xanxus/workspaces/C_test/opencv/channelMat_read_imd/bulid/CMakeFiles/CMakeTmp'
Building C object CMakeFiles/cmTC_76a5d.dir/CheckFunctionExists.c.o
/usr/bin/cc   -fPIC -DCHECK_FUNCTION_EXISTS=pthread_create   -o CMakeFiles/cmTC_76a5d.dir/CheckFunctionExists.c.o   -c /usr/share/cmake-3.16/Modules/CheckFunctionExists.c
Linking C executable cmTC_76a5d
/usr/bin/cmake -E cmake_link_script CMakeFiles/cmTC_76a5d.dir/link.txt --verbose=1
/usr/bin/cc -fPIC -DCHECK_FUNCTION_EXISTS=pthread_create    -rdynamic CMakeFiles/cmTC_76a5d.dir/CheckFunctionExists.c.o  -o cmTC_76a5d  -lpthreads 
/usr/bin/ld: cannot find -lpthreads
collect2: error: ld returned 1 exit status
make[1]: *** [CMakeFiles/cmTC_76a5d.dir/build.make:87: cmTC_76a5d] Error 1
make[1]: Leaving directory '/home/xanxus/workspaces/C_test/opencv/channelMat_read_imd/bulid/CMakeFiles/CMakeTmp'
make: *** [Makefile:121: cmTC_76a5d/fast] Error 2



